#
# There is insufficient memory for the Java Runtime Environment to continue.
# Native memory allocation (malloc) failed to allocate 1048576 bytes for AllocateHeap
# Possible reasons:
#   The system is out of physical RAM or swap space
#   In 32 bit mode, the process size limit was hit
# Possible solutions:
#   Reduce memory load on the system
#   Increase physical memory or swap space
#   Check if swap backing store is full
#   Use 64 bit Java on a 64 bit OS
#   Decrease Java heap size (-Xmx/-Xms)
#   Decrease number of Java threads
#   Decrease Java thread stack sizes (-Xss)
#   Set larger code cache with -XX:ReservedCodeCacheSize=
# This output file may be truncated or incomplete.
#
#  Out of Memory Error (memory/allocation.inline.hpp:61), pid=89908, tid=0x0000000000019a20
#
# JRE version:  (8.0) (build )
# Java VM: OpenJDK 64-Bit Server VM (25.71-b00 mixed mode windows-amd64 compressed oops)
# Failed to write core dump. Minidumps are not enabled by default on client versions of Windows
#

---------------  T H R E A D  ---------------

Current thread (0x00000000027e4800):  JavaThread "Unknown thread" [_thread_in_vm, id=104992, stack(0x00000000026e0000,0x00000000027e0000)]

Stack: [0x00000000026e0000,0x00000000027e0000]
[error occurred during error reporting (printing stack bounds), id 0xc0000005]

Native frames: (J=compiled Java code, j=interpreted, Vv=VM code, C=native code)


---------------  P R O C E S S  ---------------

Java Threads: ( => current thread )

Other Threads:

=>0x00000000027e4800 (exited) JavaThread "Unknown thread" [_thread_in_vm, id=104992, stack(0x00000000026e0000,0x00000000027e0000)]

VM state:not at safepoint (normal execution)

VM Mutex/Monitor currently owned by a thread: None

Heap:
 PSYoungGen      total 153088K, used 2631K [0x0000000715c00000, 0x0000000720680000, 0x00000007c0000000)
  eden space 131584K, 2% used [0x0000000715c00000,0x0000000715e91ec8,0x000000071dc80000)
  from space 21504K, 0% used [0x000000071f180000,0x000000071f180000,0x0000000720680000)
  to   space 21504K, 0% used [0x000000071dc80000,0x000000071dc80000,0x000000071f180000)
 ParOldGen       total 349696K, used 0K [0x00000005c1400000, 0x00000005d6980000, 0x0000000715c00000)
  object space 349696K, 0% used [0x00000005c1400000,0x00000005c1400000,0x00000005d6980000)
 Metaspace       used 777K, capacity 4480K, committed 4480K, reserved 1056768K
  class space    used 74K, capacity 384K, committed 384K, reserved 1048576K

Card table byte_map: [0x0000000011ca0000,0x0000000012ca0000] byte_map_base: 0x000000000ee96000

Marking Bits: (ParMarkBitMap*) 0x000000007389be50
 Begin Bits: [0x0000000014950000, 0x000000001c900000)
 End Bits:   [0x000000001c900000, 0x00000000248b0000)

Polling page: 0x00000000006a0000

CodeCache: size=245760Kb used=327Kb max_used=327Kb free=245432Kb
 bounds [0x00000000028e0000, 0x0000000002b50000, 0x00000000118e0000]
 total_blobs=56 nmethods=0 adapters=38
 compilation: enabled

Compilation events (0 events):
No events

GC Heap History (0 events):
No events

Deoptimization events (0 events):
No events

Classes redefined (0 events):
No events

Internal exceptions (0 events):
No events

Events (10 events):
Event: 0.011 loading class java/lang/Short
Event: 0.011 loading class java/lang/Short done
Event: 0.011 loading class java/lang/Integer
Event: 0.011 loading class java/lang/Integer done
Event: 0.011 loading class java/lang/Long
Event: 0.011 loading class java/lang/Long done
Event: 0.011 loading class java/lang/NullPointerException
Event: 0.012 loading class java/lang/NullPointerException done
Event: 0.012 loading class java/lang/ArithmeticException
Event: 0.012 loading class java/lang/ArithmeticException done


Dynamic libraries:
0x00007ff7830d0000 - 0x00007ff783105000 	C:\Program Files\Unity\Hub\Editor\2021.3.13f1\Editor\Data\PlaybackEngines\AndroidPlayer\OpenJDK\bin\java.exe
0x00007ffd03340000 - 0x00007ffd03549000 	C:\WINDOWS\SYSTEM32\ntdll.dll
0x00007ffd01370000 - 0x00007ffd0142e000 	C:\WINDOWS\System32\KERNEL32.DLL
0x00007ffd00ce0000 - 0x00007ffd0105b000 	C:\WINDOWS\System32\KERNELBASE.dll
0x00007ffcfcef0000 - 0x00007ffcfcf82000 	C:\WINDOWS\SYSTEM32\apphelp.dll
0x00007ffd01430000 - 0x00007ffd014de000 	C:\WINDOWS\System32\ADVAPI32.dll
0x00007ffd021f0000 - 0x00007ffd02293000 	C:\WINDOWS\System32\msvcrt.dll
0x00007ffd02d70000 - 0x00007ffd02e0e000 	C:\WINDOWS\System32\sechost.dll
0x00007ffd029b0000 - 0x00007ffd02ad0000 	C:\WINDOWS\System32\RPCRT4.dll
0x00007ffd02380000 - 0x00007ffd0252d000 	C:\WINDOWS\System32\USER32.dll
0x00007ffd01120000 - 0x00007ffd01146000 	C:\WINDOWS\System32\win32u.dll
0x00007ffd030e0000 - 0x00007ffd03109000 	C:\WINDOWS\System32\GDI32.dll
0x00007ffd00bc0000 - 0x00007ffd00cd8000 	C:\WINDOWS\System32\gdi32full.dll
0x00007ffd00a00000 - 0x00007ffd00a9d000 	C:\WINDOWS\System32\msvcp_win.dll
0x00007ffd00aa0000 - 0x00007ffd00bb1000 	C:\WINDOWS\System32\ucrtbase.dll
0x00007ffcf1480000 - 0x00007ffcf1725000 	C:\WINDOWS\WinSxS\amd64_microsoft.windows.common-controls_6595b64144ccf1df_6.0.22000.120_none_9d947278b86cc467\COMCTL32.dll
0x00007ffd03140000 - 0x00007ffd03172000 	C:\WINDOWS\System32\IMM32.DLL
0x0000000074700000 - 0x00000000747d2000 	C:\Program Files\Unity\Hub\Editor\2021.3.13f1\Editor\Data\PlaybackEngines\AndroidPlayer\OpenJDK\jre\bin\msvcr100.dll
0x00000000730d0000 - 0x0000000073919000 	C:\Program Files\Unity\Hub\Editor\2021.3.13f1\Editor\Data\PlaybackEngines\AndroidPlayer\OpenJDK\jre\bin\server\jvm.dll
0x00007ffd03130000 - 0x00007ffd03138000 	C:\WINDOWS\System32\PSAPI.DLL
0x00007ffcf22b0000 - 0x00007ffcf22b9000 	C:\WINDOWS\SYSTEM32\WSOCK32.dll
0x00007ffcf9c30000 - 0x00007ffcf9c63000 	C:\WINDOWS\SYSTEM32\WINMM.dll
0x00007ffcf7350000 - 0x00007ffcf735a000 	C:\WINDOWS\SYSTEM32\VERSION.dll
0x00007ffd01550000 - 0x00007ffd015bf000 	C:\WINDOWS\System32\WS2_32.dll
0x00007ffcfc610000 - 0x00007ffcfc61f000 	C:\Program Files\Unity\Hub\Editor\2021.3.13f1\Editor\Data\PlaybackEngines\AndroidPlayer\OpenJDK\jre\bin\verify.dll
0x00007ffce7bf0000 - 0x00007ffce7c19000 	C:\Program Files\Unity\Hub\Editor\2021.3.13f1\Editor\Data\PlaybackEngines\AndroidPlayer\OpenJDK\jre\bin\java.dll
0x00007ffce7bd0000 - 0x00007ffce7be6000 	C:\Program Files\Unity\Hub\Editor\2021.3.13f1\Editor\Data\PlaybackEngines\AndroidPlayer\OpenJDK\jre\bin\zip.dll

VM Arguments:
jvm_args: -Dfile.encoding=UTF-8 
java_command: <unknown>
java_class_path (initial): .
Launcher Type: SUN_STANDARD

Environment Variables:
JAVA_HOME=C:\Program Files\Unity\Hub\Editor\2021.3.13f1\Editor\Data\PlaybackEngines\AndroidPlayer\OpenJDK
JAVA_TOOL_OPTIONS=-Dfile.encoding=UTF-8
USERNAME=skynet
OS=Windows_NT
PROCESSOR_IDENTIFIER=AMD64 Family 25 Model 33 Stepping 0, AuthenticAMD



---------------  S Y S T E M  ---------------

OS: Windows 10.0 , 64 bit Build 22000 (10.0.22000.1335)

CPU:total 24 (initial active 24) (24 cores per cpu, 1 threads per core) family 25 model 33 stepping 0, cmov, cx8, fxsr, mmx, sse, sse2, sse3, ssse3, sse4.1, sse4.2, popcnt, avx, avx2, aes, clmul, erms, mmxext, 3dnowpref, lzcnt, sse4a, tsc, tscinvbit, tscinv, bmi1

Memory: 4k page, physical 33465256k(3839564k free), swap 49849256k(5368k free)

vm_info: OpenJDK 64-Bit Server VM (25.71-b00) for windows-amd64 JRE (1.8.0-adoptopenjdk-_2018_05_19_00_59-b00), built on May 19 2018 01:02:12 by "jenkins" with MS VC++ 10.0 (VS2010)

time: Fri Jan 20 15:47:36 2023
elapsed time: 0 seconds (0d 0h 0m 0s)

